Started GET "/" for 127.0.0.1 at 2023-08-22 18:11:16 +0800
Processing by Rails::WelcomeController#index as HTML
  Rendering /home/student/.asdf/installs/ruby/3.2.2/lib/ruby/gems/3.2.0/gems/railties-7.0.7/lib/rails/templates/rails/welcome/index.html.erb
  Rendered /home/student/.asdf/installs/ruby/3.2.2/lib/ruby/gems/3.2.0/gems/railties-7.0.7/lib/rails/templates/rails/welcome/index.html.erb (Duration: 2.4ms | Allocations: 633)
Completed 200 OK in 25ms (Views: 8.1ms | ActiveRecord: 0.0ms | Allocations: 7368)


Started GET "/" for 127.0.0.1 at 2023-08-22 18:31:12 +0800
Processing by HomeController#index as HTML
  Rendering layout layouts/application.html.erb
  Rendering home/index.html.erb within layouts/application
  Rendered home/index.html.erb within layouts/application (Duration: 0.5ms | Allocations: 108)
  Rendered layout layouts/application.html.erb (Duration: 381.1ms | Allocations: 87114)
Completed 200 OK in 384ms (Views: 382.7ms | ActiveRecord: 0.0ms | Allocations: 88075)


Started GET "/" for 127.0.0.1 at 2023-08-22 18:41:57 +0800
Processing by HomeController#index as HTML
  Rendering layout layouts/application.html.erb
  Rendering home/index.html.erb within layouts/application
  Rendered home/index.html.erb within layouts/application (Duration: 0.4ms | Allocations: 110)
  Rendered layout layouts/application.html.erb (Duration: 20.3ms | Allocations: 13522)
Completed 200 OK in 23ms (Views: 22.6ms | ActiveRecord: 0.0ms | Allocations: 14422)


Started GET "/" for 127.0.0.1 at 2023-08-22 18:42:12 +0800
Processing by HomeController#index as HTML
  Rendering layout layouts/application.html.erb
  Rendering home/index.html.erb within layouts/application
  Rendered home/index.html.erb within layouts/application (Duration: 0.1ms | Allocations: 7)
  Rendered layout layouts/application.html.erb (Duration: 3.5ms | Allocations: 2276)
Completed 200 OK in 6ms (Views: 4.8ms | ActiveRecord: 0.0ms | Allocations: 2536)


Started GET "/" for 127.0.0.1 at 2023-08-22 18:42:19 +0800
Processing by HomeController#index as HTML
  Rendering layout layouts/application.html.erb
  Rendering home/index.html.erb within layouts/application
  Rendered home/index.html.erb within layouts/application (Duration: 0.1ms | Allocations: 7)
  Rendered layout layouts/application.html.erb (Duration: 13.0ms | Allocations: 2269)
Completed 200 OK in 14ms (Views: 13.8ms | ActiveRecord: 0.0ms | Allocations: 2526)


Started GET "/about" for 127.0.0.1 at 2023-08-22 18:42:27 +0800
Processing by AboutController#index as HTML
  Rendering layout layouts/application.html.erb
  Rendering about/index.html.erb within layouts/application
  Rendered about/index.html.erb within layouts/application (Duration: 0.6ms | Allocations: 107)
  Rendered layout layouts/application.html.erb (Duration: 4.9ms | Allocations: 2460)
Completed 200 OK in 15ms (Views: 14.5ms | ActiveRecord: 0.0ms | Allocations: 3100)


